<?xml version="1.0" encoding="UTF-8"?>
<!-- Generated by org.testng.reporters.JUnitXMLReporter -->
<testsuite hostname="pe-achang" name="Default test" tests="3" failures="0" timestamp="23 Feb 2016 23:10:41 GMT" time="0.026" errors="0">
  <testcase name="@BeforeClass initializeTestBaseSetup" time="0.0" classname="fwkTests.EmployeeTests">
    <failure type="org.testng.TestNGException" message="
Parameter &amp;apos;appURL&amp;apos; is required by @Configuration on method initializeTestBaseSetup but has not been marked @Optional or defined
in C:\Users\andrea.chang\AppData\Local\Temp\testng-eclipse-1419424458\testng-customsuite.xml">
      <![CDATA[org.testng.TestNGException: 
Parameter 'appURL' is required by @Configuration on method initializeTestBaseSetup but has not been marked @Optional or defined
in C:\Users\andrea.chang\AppData\Local\Temp\testng-eclipse-1419424458\testng-customsuite.xml
	at org.testng.internal.Parameters.createParameters(Parameters.java:154)
	at org.testng.internal.Parameters.createParameters(Parameters.java:361)
	at org.testng.internal.Parameters.createConfigurationParameters(Parameters.java:84)
	at org.testng.internal.Invoker.invokeConfigurations(Invoker.java:201)
	at org.testng.internal.Invoker.invokeConfigurations(Invoker.java:142)
	at org.testng.internal.TestMethodWorker.invokeBeforeClassMethods(TestMethodWorker.java:178)
	at org.testng.internal.TestMethodWorker.run(TestMethodWorker.java:108)
	at org.testng.TestRunner.privateRun(TestRunner.java:782)
	at org.testng.TestRunner.run(TestRunner.java:632)
	at org.testng.SuiteRunner.runTest(SuiteRunner.java:366)
	at org.testng.SuiteRunner.runSequentially(SuiteRunner.java:361)
	at org.testng.SuiteRunner.privateRun(SuiteRunner.java:319)
	at org.testng.SuiteRunner.run(SuiteRunner.java:268)
	at org.testng.SuiteRunnerWorker.runSuite(SuiteRunnerWorker.java:52)
	at org.testng.SuiteRunnerWorker.run(SuiteRunnerWorker.java:86)
	at org.testng.TestNG.runSuitesSequentially(TestNG.java:1244)
	at org.testng.TestNG.runSuitesLocally(TestNG.java:1169)
	at org.testng.TestNG.run(TestNG.java:1064)
	at org.testng.remote.RemoteTestNG.run(RemoteTestNG.java:113)
	at org.testng.remote.RemoteTestNG.initAndRun(RemoteTestNG.java:206)
	at org.testng.remote.RemoteTestNG.main(RemoteTestNG.java:177)
]]>
    </failure>
  </testcase> <!-- @BeforeClass initializeTestBaseSetup -->
  <testcase name="@BeforeClass setUp" time="0.0" classname="fwkTests.EmployeeTests">
    <skipped/>
  </testcase> <!-- @BeforeClass setUp -->
  <testcase name="@AfterClass tearDown" time="0.0" classname="fwkTests.EmployeeTests">
    <skipped/>
  </testcase> <!-- @AfterClass tearDown -->
  <testcase name="createNewEmployee" time="0.004" classname="fwkTests.EmployeeTests">
    <skipped/>
  </testcase> <!-- createNewEmployee -->
  <testcase name="deleteEmployee" time="0.0" classname="fwkTests.EmployeeTests">
    <skipped/>
  </testcase> <!-- deleteEmployee -->
  <testcase name="indentifiyingEmployee" time="0.001" classname="fwkTests.EmployeeTests">
    <skipped/>
  </testcase> <!-- indentifiyingEmployee -->
</testsuite> <!-- Default test -->
