<?xml version="1.0" encoding="UTF-8"?>
<!-- Generated by org.testng.reporters.JUnitXMLReporter -->
<testsuite hostname="pe-achang" name="Login Test" tests="4" failures="0" timestamp="23 Feb 2016 23:39:15 GMT" time="20.839" errors="0">
  <testcase name="testSignInUser" time="1.923" classname="fwkTests.LoginTest"/>
  <testcase name="createNewEmployee" time="3.739" classname="fwkTests.EmployeeTests"/>
  <testcase name="identifiyingEmployee" time="1.209" classname="fwkTests.EmployeeTests"/>
  <testcase name="deleteEmployee" time="2.763" classname="fwkTests.EmployeeTests"/>
</testsuite> <!-- Login Test -->
