<?xml version="1.0" encoding="UTF-8"?>
<!-- Generated by org.testng.reporters.JUnitXMLReporter -->
<testsuite hostname="pe-achang" name="Login Test" tests="4" failures="0" timestamp="19 Apr 2016 22:21:51 GMT" time="27.567" errors="0">
  <testcase name="testSignInUser" time="2.58" classname="fwkTests.LoginTest"/>
  <testcase name="createNewEmployee" time="5.699" classname="fwkTests.EmployeeTests"/>
  <testcase name="identifiyingEmployee" time="1.317" classname="fwkTests.EmployeeTests"/>
  <testcase name="deleteEmployee" time="3.125" classname="fwkTests.EmployeeTests"/>
</testsuite> <!-- Login Test -->
