<?xml version="1.0" encoding="UTF-8"?>
<testng-results skipped="0" failed="0" total="3" passed="3">
  <reporter-output>
  </reporter-output>
  <suite name="Evercoding Vacations" duration-ms="21675" started-at="2016-02-23T21:19:42Z" finished-at="2016-02-23T21:20:04Z">
    <groups>
    </groups>
    <test name="Login Test" duration-ms="9876" started-at="2016-02-23T21:19:42Z" finished-at="2016-02-23T21:19:52Z">
      <class name="fwkTests.LoginTest">
        <test-method status="PASS" signature="initializeTestBaseSetup(java.lang.String)[pri:0, instance:fwkTests.LoginTest@6c9f45f4]" name="initializeTestBaseSetup" is-config="true" duration-ms="7634" started-at="2016-02-23T16:19:42Z" finished-at="2016-02-23T16:19:50Z">
          <params>
            <param index="0">
              <value>
                <![CDATA[http://vacations.evercoding.com/]]>
              </value>
            </param>
          </params>
          <reporter-output>
          </reporter-output>
        </test-method> <!-- initializeTestBaseSetup -->
        <test-method status="PASS" signature="setUp()[pri:0, instance:fwkTests.LoginTest@6c9f45f4]" name="setUp" is-config="true" duration-ms="6" started-at="2016-02-23T16:19:50Z" finished-at="2016-02-23T16:19:50Z">
          <reporter-output>
          </reporter-output>
        </test-method> <!-- setUp -->
        <test-method status="PASS" signature="testSignInUser()[pri:0, instance:fwkTests.LoginTest@6c9f45f4]" name="testSignInUser" duration-ms="1693" started-at="2016-02-23T16:19:50Z" finished-at="2016-02-23T16:19:52Z">
          <reporter-output>
          </reporter-output>
        </test-method> <!-- testSignInUser -->
        <test-method status="PASS" signature="tearDown()[pri:0, instance:fwkTests.LoginTest@6c9f45f4]" name="tearDown" is-config="true" duration-ms="531" started-at="2016-02-23T16:19:52Z" finished-at="2016-02-23T16:19:52Z">
          <reporter-output>
          </reporter-output>
        </test-method> <!-- tearDown -->
      </class> <!-- fwkTests.LoginTest -->
    </test> <!-- Login Test -->
    <test name="Employee Tests" duration-ms="11784" started-at="2016-02-23T21:19:52Z" finished-at="2016-02-23T21:20:04Z">
      <class name="fwkTests.EmployeeTests">
        <test-method status="PASS" signature="initializeTestBaseSetup(java.lang.String)[pri:0, instance:fwkTests.EmployeeTests@635194a1]" name="initializeTestBaseSetup" is-config="true" duration-ms="6896" started-at="2016-02-23T16:19:52Z" finished-at="2016-02-23T16:19:59Z">
          <params>
            <param index="0">
              <value>
                <![CDATA[http://vacations.evercoding.com/]]>
              </value>
            </param>
          </params>
          <reporter-output>
          </reporter-output>
        </test-method> <!-- initializeTestBaseSetup -->
        <test-method status="PASS" signature="setUp()[pri:0, instance:fwkTests.EmployeeTests@635194a1]" name="setUp" is-config="true" duration-ms="0" started-at="2016-02-23T16:19:59Z" finished-at="2016-02-23T16:19:59Z">
          <reporter-output>
          </reporter-output>
        </test-method> <!-- setUp -->
        <test-method status="PASS" signature="createNewEmployee()[pri:0, instance:fwkTests.EmployeeTests@635194a1]" name="createNewEmployee" duration-ms="3745" started-at="2016-02-23T16:19:59Z" finished-at="2016-02-23T16:20:03Z">
          <reporter-output>
          </reporter-output>
        </test-method> <!-- createNewEmployee -->
        <test-method status="PASS" signature="deleteEmployee()[pri:0, instance:fwkTests.EmployeeTests@635194a1]" name="deleteEmployee" duration-ms="652" started-at="2016-02-23T16:20:03Z" finished-at="2016-02-23T16:20:04Z">
          <reporter-output>
          </reporter-output>
        </test-method> <!-- deleteEmployee -->
        <test-method status="PASS" signature="tearDown()[pri:0, instance:fwkTests.EmployeeTests@635194a1]" name="tearDown" is-config="true" duration-ms="487" started-at="2016-02-23T16:20:04Z" finished-at="2016-02-23T16:20:04Z">
          <reporter-output>
          </reporter-output>
        </test-method> <!-- tearDown -->
      </class> <!-- fwkTests.EmployeeTests -->
    </test> <!-- Employee Tests -->
  </suite> <!-- Evercoding Vacations -->
</testng-results>
