<?xml version="1.0" encoding="UTF-8"?>
<testng-results skipped="0" failed="0" total="4" passed="4">
  <reporter-output>
  </reporter-output>
  <suite name="Evercoding Vacations" duration-ms="27567" started-at="2016-04-19T22:21:23Z" finished-at="2016-04-19T22:21:51Z">
    <groups>
    </groups>
    <test name="Login Test" duration-ms="27567" started-at="2016-04-19T22:21:23Z" finished-at="2016-04-19T22:21:51Z">
      <class name="fwkTests.LoginTest">
        <test-method status="PASS" signature="initializeTestBaseSetup(java.lang.String)[pri:0, instance:fwkTests.LoginTest@3937bf4]" name="initializeTestBaseSetup" is-config="true" duration-ms="7481" started-at="2016-04-19T17:21:23Z" finished-at="2016-04-19T17:21:31Z">
          <params>
            <param index="0">
              <value>
                <![CDATA[http://vacations.evercoding.com/]]>
              </value>
            </param>
          </params>
          <reporter-output>
          </reporter-output>
        </test-method> <!-- initializeTestBaseSetup -->
        <test-method status="PASS" signature="setUp()[pri:0, instance:fwkTests.LoginTest@3937bf4]" name="setUp" is-config="true" duration-ms="5" started-at="2016-04-19T17:21:31Z" finished-at="2016-04-19T17:21:31Z">
          <reporter-output>
          </reporter-output>
        </test-method> <!-- setUp -->
        <test-method status="PASS" signature="testSignInUser()[pri:0, instance:fwkTests.LoginTest@3937bf4]" name="testSignInUser" duration-ms="2580" started-at="2016-04-19T17:21:31Z" finished-at="2016-04-19T17:21:33Z">
          <reporter-output>
          </reporter-output>
        </test-method> <!-- testSignInUser -->
        <test-method status="PASS" signature="tearDown()[pri:0, instance:fwkTests.LoginTest@3937bf4]" name="tearDown" is-config="true" duration-ms="413" started-at="2016-04-19T17:21:33Z" finished-at="2016-04-19T17:21:34Z">
          <reporter-output>
          </reporter-output>
        </test-method> <!-- tearDown -->
      </class> <!-- fwkTests.LoginTest -->
      <class name="fwkTests.EmployeeTests">
        <test-method status="PASS" signature="initializeTestBaseSetup(java.lang.String)[pri:0, instance:fwkTests.EmployeeTests@47aed201]" name="initializeTestBaseSetup" is-config="true" duration-ms="6743" started-at="2016-04-19T17:21:34Z" finished-at="2016-04-19T17:21:41Z">
          <params>
            <param index="0">
              <value>
                <![CDATA[http://vacations.evercoding.com/]]>
              </value>
            </param>
          </params>
          <reporter-output>
          </reporter-output>
        </test-method> <!-- initializeTestBaseSetup -->
        <test-method status="PASS" signature="setUp()[pri:0, instance:fwkTests.EmployeeTests@47aed201]" name="setUp" is-config="true" duration-ms="1" started-at="2016-04-19T17:21:41Z" finished-at="2016-04-19T17:21:41Z">
          <reporter-output>
          </reporter-output>
        </test-method> <!-- setUp -->
        <test-method status="PASS" signature="createNewEmployee()[pri:0, instance:fwkTests.EmployeeTests@47aed201]" name="createNewEmployee" duration-ms="5699" started-at="2016-04-19T17:21:41Z" finished-at="2016-04-19T17:21:46Z">
          <reporter-output>
          </reporter-output>
        </test-method> <!-- createNewEmployee -->
        <test-method status="PASS" signature="identifiyingEmployee()[pri:0, instance:fwkTests.EmployeeTests@47aed201]" name="identifiyingEmployee" duration-ms="1317" started-at="2016-04-19T17:21:46Z" finished-at="2016-04-19T17:21:48Z">
          <reporter-output>
          </reporter-output>
        </test-method> <!-- identifiyingEmployee -->
        <test-method status="PASS" signature="deleteEmployee()[pri:0, instance:fwkTests.EmployeeTests@47aed201]" name="deleteEmployee" duration-ms="3125" started-at="2016-04-19T17:21:48Z" finished-at="2016-04-19T17:21:51Z">
          <reporter-output>
          </reporter-output>
        </test-method> <!-- deleteEmployee -->
        <test-method status="PASS" signature="tearDown()[pri:0, instance:fwkTests.EmployeeTests@47aed201]" name="tearDown" is-config="true" duration-ms="188" started-at="2016-04-19T17:21:51Z" finished-at="2016-04-19T17:21:51Z">
          <reporter-output>
          </reporter-output>
        </test-method> <!-- tearDown -->
      </class> <!-- fwkTests.EmployeeTests -->
    </test> <!-- Login Test -->
  </suite> <!-- Evercoding Vacations -->
</testng-results>
